# JRE version: Java(TM) SE Runtime Environment (8.0_281-b09) (build 1.8.0_281-b09)
# Java VM: Java HotSpot(TM) 64-Bit Server VM (25.281-b09 mixed mode windows-amd64 compressed oops)
Heap:
 PSYoungGen      total 306688K, used 163935K [0x00000000d6700000, 0x00000000eb600000, 0x0000000100000000)
  eden space 289280K, 50% used [0x00000000d6700000,0x00000000df61f528,0x00000000e8180000)
  from space 17408K, 99% used [0x00000000ea500000,0x00000000eb5f8a10,0x00000000eb600000)
  to   space 20480K, 0% used [0x00000000e8e00000,0x00000000e8e00000,0x00000000ea200000)
 ParOldGen       total 109568K, used 23725K [0x0000000083400000, 0x0000000089f00000, 0x00000000d6700000)
  object space 109568K, 21% used [0x0000000083400000,0x0000000084b2b7b8,0x0000000089f00000)
 Metaspace       used 71233K, capacity 75097K, committed 75264K, reserved 1114112K
  class space    used 9780K, capacity 10415K, committed 10496K, reserved 1048576K
GC Heap History (10 events):
Event: 4.922 GC heap before
{Heap before GC invocations=11 (full 2):
 PSYoungGen      total 185856K, used 7423K [0x00000000d6700000, 0x00000000e6900000, 0x0000000100000000)
  eden space 172544K, 0% used [0x00000000d6700000,0x00000000d6700000,0x00000000e0f80000)
  from space 13312K, 55% used [0x00000000e0f80000,0x00000000e16bfe90,0x00000000e1c80000)
  to   space 12800K, 0% used [0x00000000e5c80000,0x00000000e5c80000,0x00000000e6900000)
 ParOldGen       total 58368K, used 11273K [0x0000000083400000, 0x0000000086d00000, 0x00000000d6700000)
  object space 58368K, 19% used [0x0000000083400000,0x0000000083f025d8,0x0000000086d00000)
 Metaspace       used 33358K, capacity 35432K, committed 35496K, reserved 1079296K
  class space    used 4446K, capacity 4834K, committed 4864K, reserved 1048576K
Event: 4.979 GC heap after
Heap after GC invocations=11 (full 2):
 PSYoungGen      total 185856K, used 0K [0x00000000d6700000, 0x00000000e6900000, 0x0000000100000000)
  eden space 172544K, 0% used [0x00000000d6700000,0x00000000d6700000,0x00000000e0f80000)
  from space 13312K, 0% used [0x00000000e0f80000,0x00000000e0f80000,0x00000000e1c80000)
  to   space 12800K, 0% used [0x00000000e5c80000,0x00000000e5c80000,0x00000000e6900000)
 ParOldGen       total 77312K, used 12995K [0x0000000083400000, 0x0000000087f80000, 0x00000000d6700000)
  object space 77312K, 16% used [0x0000000083400000,0x00000000840b0e00,0x0000000087f80000)
 Metaspace       used 33358K, capacity 35432K, committed 35496K, reserved 1079296K
  class space    used 4446K, capacity 4834K, committed 4864K, reserved 1048576K
}
Event: 10.099 GC heap before
{Heap before GC invocations=12 (full 2):
 PSYoungGen      total 185856K, used 172544K [0x00000000d6700000, 0x00000000e6900000, 0x0000000100000000)
  eden space 172544K, 100% used [0x00000000d6700000,0x00000000e0f80000,0x00000000e0f80000)
  from space 13312K, 0% used [0x00000000e0f80000,0x00000000e0f80000,0x00000000e1c80000)
  to   space 12800K, 0% used [0x00000000e5c80000,0x00000000e5c80000,0x00000000e6900000)
 ParOldGen       total 77312K, used 12995K [0x0000000083400000, 0x0000000087f80000, 0x00000000d6700000)
  object space 77312K, 16% used [0x0000000083400000,0x00000000840b0e00,0x0000000087f80000)
 Metaspace       used 53190K, capacity 55722K, committed 55936K, reserved 1097728K
  class space    used 7336K, capacity 7789K, committed 7808K, reserved 1048576K
Event: 10.120 GC heap after
Heap after GC invocations=12 (full 2):
 PSYoungGen      total 243200K, used 12794K [0x00000000d6700000, 0x00000000e6a00000, 0x0000000100000000)
  eden space 230400K, 0% used [0x00000000d6700000,0x00000000d6700000,0x00000000e4800000)
  from space 12800K, 99% used [0x00000000e5c80000,0x00000000e68fe9d8,0x00000000e6900000)
  to   space 17408K, 0% used [0x00000000e4800000,0x00000000e4800000,0x00000000e5900000)
 ParOldGen       total 77312K, used 20786K [0x0000000083400000, 0x0000000087f80000, 0x00000000d6700000)
  object space 77312K, 26% used [0x0000000083400000,0x000000008484cae8,0x0000000087f80000)
 Metaspace       used 53190K, capacity 55722K, committed 55936K, reserved 1097728K
  class space    used 7336K, capacity 7789K, committed 7808K, reserved 1048576K
}
Event: 10.669 GC heap before
{Heap before GC invocations=13 (full 2):
 PSYoungGen      total 243200K, used 49574K [0x00000000d6700000, 0x00000000e6a00000, 0x0000000100000000)
  eden space 230400K, 15% used [0x00000000d6700000,0x00000000d8aeaf88,0x00000000e4800000)
  from space 12800K, 99% used [0x00000000e5c80000,0x00000000e68fe9d8,0x00000000e6900000)
  to   space 17408K, 0% used [0x00000000e4800000,0x00000000e4800000,0x00000000e5900000)
 ParOldGen       total 77312K, used 20786K [0x0000000083400000, 0x0000000087f80000, 0x00000000d6700000)
  object space 77312K, 26% used [0x0000000083400000,0x000000008484cae8,0x0000000087f80000)
 Metaspace       used 56401K, capacity 59009K, committed 59160K, reserved 1099776K
  class space    used 7743K, capacity 8209K, committed 8320K, reserved 1048576K
Event: 10.684 GC heap after
Heap after GC invocations=13 (full 2):
 PSYoungGen      total 247808K, used 3797K [0x00000000d6700000, 0x00000000eb600000, 0x0000000100000000)
  eden space 230400K, 0% used [0x00000000d6700000,0x00000000d6700000,0x00000000e4800000)
  from space 17408K, 21% used [0x00000000e4800000,0x00000000e4bb5548,0x00000000e5900000)
  to   space 17408K, 0% used [0x00000000ea500000,0x00000000ea500000,0x00000000eb600000)
 ParOldGen       total 77312K, used 27714K [0x0000000083400000, 0x0000000087f80000, 0x00000000d6700000)
  object space 77312K, 35% used [0x0000000083400000,0x0000000084f10bc0,0x0000000087f80000)
 Metaspace       used 56401K, capacity 59009K, committed 59160K, reserved 1099776K
  class space    used 7743K, capacity 8209K, committed 8320K, reserved 1048576K
}
Event: 10.684 GC heap before
{Heap before GC invocations=14 (full 3):
 PSYoungGen      total 247808K, used 3797K [0x00000000d6700000, 0x00000000eb600000, 0x0000000100000000)
  eden space 230400K, 0% used [0x00000000d6700000,0x00000000d6700000,0x00000000e4800000)
  from space 17408K, 21% used [0x00000000e4800000,0x00000000e4bb5548,0x00000000e5900000)
  to   space 17408K, 0% used [0x00000000ea500000,0x00000000ea500000,0x00000000eb600000)
 ParOldGen       total 77312K, used 27714K [0x0000000083400000, 0x0000000087f80000, 0x00000000d6700000)
  object space 77312K, 35% used [0x0000000083400000,0x0000000084f10bc0,0x0000000087f80000)
 Metaspace       used 56401K, capacity 59009K, committed 59160K, reserved 1099776K
  class space    used 7743K, capacity 8209K, committed 8320K, reserved 1048576K
Event: 10.905 GC heap after
Heap after GC invocations=14 (full 3):
 PSYoungGen      total 247808K, used 0K [0x00000000d6700000, 0x00000000eb600000, 0x0000000100000000)
  eden space 230400K, 0% used [0x00000000d6700000,0x00000000d6700000,0x00000000e4800000)
  from space 17408K, 0% used [0x00000000e4800000,0x00000000e4800000,0x00000000e5900000)
  to   space 17408K, 0% used [0x00000000ea500000,0x00000000ea500000,0x00000000eb600000)
 ParOldGen       total 109568K, used 22506K [0x0000000083400000, 0x0000000089f00000, 0x00000000d6700000)
  object space 109568K, 20% used [0x0000000083400000,0x00000000849faa48,0x0000000089f00000)
 Metaspace       used 56401K, capacity 59009K, committed 59160K, reserved 1099776K
  class space    used 7743K, capacity 8209K, committed 8320K, reserved 1048576K
}
Event: 581.873 GC heap before
{Heap before GC invocations=15 (full 3):
 PSYoungGen      total 247808K, used 230400K [0x00000000d6700000, 0x00000000eb600000, 0x0000000100000000)
  eden space 230400K, 100% used [0x00000000d6700000,0x00000000e4800000,0x00000000e4800000)
  from space 17408K, 0% used [0x00000000e4800000,0x00000000e4800000,0x00000000e5900000)
  to   space 17408K, 0% used [0x00000000ea500000,0x00000000ea500000,0x00000000eb600000)
 ParOldGen       total 109568K, used 22506K [0x0000000083400000, 0x0000000089f00000, 0x00000000d6700000)
  object space 109568K, 20% used [0x0000000083400000,0x00000000849faa48,0x0000000089f00000)
 Metaspace       used 70884K, capacity 74661K, committed 75008K, reserved 1114112K
  class space    used 9767K, capacity 10395K, committed 10496K, reserved 1048576K
Event: 582.382 GC heap after
Heap after GC invocations=15 (full 3):
 PSYoungGen      total 306688K, used 17378K [0x00000000d6700000, 0x00000000eb600000, 0x0000000100000000)
  eden space 289280K, 0% used [0x00000000d6700000,0x00000000d6700000,0x00000000e8180000)
  from space 17408K, 99% used [0x00000000ea500000,0x00000000eb5f8a10,0x00000000eb600000)
  to   space 20480K, 0% used [0x00000000e8e00000,0x00000000e8e00000,0x00000000ea200000)
 ParOldGen       total 109568K, used 23725K [0x0000000083400000, 0x0000000089f00000, 0x00000000d6700000)
  object space 109568K, 21% used [0x0000000083400000,0x0000000084b2b7b8,0x0000000089f00000)
 Metaspace       used 70884K, capacity 74661K, committed 75008K, reserved 1114112K
  class space    used 9767K, capacity 10395K, committed 10496K, reserved 1048576K
}

